<?xml version="1.0" encoding="UTF-8"?>
<!-- Generated by org.testng.reporters.JUnitXMLReporter -->
<testsuite hostname="Praveen-MacBook-Air.local" ignored="0" name="Pray4OneAutomation" tests="2" failures="1" timestamp="2020-01-09T11:18:28 IST" time="90.446" errors="0">
  <testcase name="loginTest" time="19.046" classname="com.Pray4One.TestCases.IntegrationTest1"/>
  <testcase name="requestaPrayer" time="68.88" classname="com.Pray4One.TestCases.IntegrationTest1">
    <failure type="java.lang.AssertionError" message="did not expect to find [true] but found [false]">
      <![CDATA[java.lang.AssertionError: did not expect to find [true] but found [false]
at com.Pray4One.TestCases.IntegrationTest1.requestaPrayer(IntegrationTest1.java:166)
at java.util.ArrayList.forEach(ArrayList.java:1257)
... Removed 34 stack frames]]>
    </failure>
  </testcase> <!-- requestaPrayer -->
</testsuite> <!-- Pray4OneAutomation -->
